Spec     : /home/runner/work/Dacia-Knowledge-Base/Dacia-Knowledge-Base/data/imports/configuration_values/jogger-page6-injection-type-20260401.json
Attribute: injection_type
Rows     : 32
Existing : 32
Missing  : 0
Mode     : verify
PASS
/home/runner/work/Dacia-Knowledge-Base/Dacia-Knowledge-Base/tests/test_configuration_gap_resolution_plan.py:306: ResourceWarning: unclosed file <_io.TextIOWrapper name='/tmp/tmpnvoz8hpl/data/master/configuration_attribute_values.csv' mode='r' encoding='utf-8'>
  rows = list(csv.DictReader(path.open(encoding="utf-8")))
ResourceWarning: Enable tracemalloc to get the object allocation traceback
ERROR: git push -u origin tooling/test failed with exit code 1
Handoff: /tmp/dkb-publish-_wkrj3ww/output/handoff.json
ERROR: package-finish failed with exit code 7
Handoff: /tmp/dkb-publish-1v4z7ld0/output/handoff.json
ERROR: package-publish requires an empty staging area before start: ['extra.txt']
Handoff: /tmp/dkb-publish-w07vqbjs/output/handoff.json
ERROR: working tree path manifest differs
expected: ['tools/example.py']
actual:   ['extra.txt', 'tools/example.py']
Handoff: /tmp/dkb-publish-n4ftxr33/output/handoff.json
Building SQLite database: /tmp/tmpk46zmry9/reports/test.sqlite
Source directory: /tmp/tmpk46zmry9/data/master
  data/master/models.csv -> models: 2 rows
Database ready: /tmp/tmpk46zmry9/reports/test.sqlite
Building SQLite database: /tmp/tmp5hng561f/nested/directory/test.sqlite
Source directory: /tmp/tmp5hng561f/data/master
  data/master/models.csv -> models: 1 rows
Database ready: /tmp/tmp5hng561f/nested/directory/test.sqlite
Building SQLite database: /tmp/tmpluhznbgq/test.sqlite
Source directory: /tmp/tmpluhznbgq/data/master
Building SQLite database: /tmp/tmpnx7ppu27/test.sqlite
Source directory: /tmp/tmpnx7ppu27/data/master
  data/master/models.csv -> models: 1 rows
Database ready: /tmp/tmpnx7ppu27/test.sqlite
CSV files checked : 1
Already UTF-8     : 1
Windows-1250      : 0
Unreadable        : 0

Converted 0 file(s) to UTF-8.

===== PACKAGE PUBLISH =====
Branch : tooling/test
Base   : f9d2b01735c9f6be3b9f4eb9b520b4d2c5e5352b
Subject: tooling: publish test
Files  : 1
Mode   : precommit
Quality receipt: PASS (298 tests)

===== STAGING =====
Staged paths: 1

===== COMMIT =====
Commit: 7cb320c5096154cf8877022b1ec3a4a17ce7bdd5

===== PACKAGE FINISH =====

===== PACKAGE FINISH =====
Branch : tooling/test
Base   : f9d2b01735c9f6be3b9f4eb9b520b4d2c5e5352b
HEAD   : 7cb320c5096154cf8877022b1ec3a4a17ce7bdd5
Commits: 1
Files  : 1
Subject: tooling: publish test
Manifest: PASS

===== COMMITS =====
7cb320c (HEAD -> tooling/test) tooling: publish test

===== CHANGED PATHS =====
tools/example.py

===== DIFF STAT =====
tools/example.py | 1 +
 1 file changed, 1 insertion(+)

===== PUSH =====
Upstream: not configured
Command : git push -u origin tooling/test

===== PACKAGE FINISH CHECK =====
PASS

===== PUSH =====
Remote HEAD: 7cb320c5096154cf8877022b1ec3a4a17ce7bdd5

===== COMPLETE =====
Handoff: /tmp/dkb-publish-d2780tku/output/handoff.json
PASS

===== PACKAGE PUBLISH =====
Branch : tooling/test
Base   : 03e95549a187088834746ed4a0e98b4ed6261454
Subject: tooling: publish test
Files  : 1
Mode   : precommit
Quality receipt: PASS (298 tests)

===== STAGING =====
Staged paths: 1

===== COMMIT =====
Commit: 7c72e94b7ceba97c2271ebfd2841e19d5415f829

===== PACKAGE FINISH =====

===== PACKAGE FINISH =====
Branch : tooling/test
Base   : 03e95549a187088834746ed4a0e98b4ed6261454
HEAD   : 7c72e94b7ceba97c2271ebfd2841e19d5415f829
Commits: 1
Files  : 1
Subject: tooling: publish test
Manifest: PASS

===== COMMITS =====
7c72e94 (HEAD -> tooling/test) tooling: publish test

===== CHANGED PATHS =====
tools/example.py

===== DIFF STAT =====
tools/example.py | 1 +
 1 file changed, 1 insertion(+)

===== PUSH =====
Upstream: not configured
Command : git push -u origin tooling/test

===== PACKAGE FINISH CHECK =====
PASS

===== PUSH =====

===== FAIL =====

===== PACKAGE PUBLISH =====
Branch : tooling/test
Base   : 03e95549a187088834746ed4a0e98b4ed6261454
Subject: tooling: publish test
Files  : 1
Mode   : precommit
Quality receipt: PASS (298 tests)

===== STAGING =====
Staged paths: 1

===== COMMIT =====
Commit: 7c72e94b7ceba97c2271ebfd2841e19d5415f829

===== PACKAGE FINISH =====

===== FAIL =====

===== PACKAGE PUBLISH =====
Branch : tooling/test
Base   : 03e95549a187088834746ed4a0e98b4ed6261454
Subject: tooling: publish test
Files  : 1
Mode   : precommit
Quality receipt: PASS (298 tests)

===== STAGING =====
Staged paths: 1

===== COMMIT =====
Commit: 7c72e94b7ceba97c2271ebfd2841e19d5415f829

===== PACKAGE FINISH =====

===== PACKAGE FINISH =====
Branch : tooling/test
Base   : 03e95549a187088834746ed4a0e98b4ed6261454
HEAD   : 7c72e94b7ceba97c2271ebfd2841e19d5415f829
Commits: 1
Files  : 1
Subject: tooling: publish test
Manifest: PASS

===== COMMITS =====
7c72e94 (HEAD -> tooling/test) tooling: publish test

===== CHANGED PATHS =====
tools/example.py

===== DIFF STAT =====
tools/example.py | 1 +
 1 file changed, 1 insertion(+)

===== PUSH =====
Upstream: not configured
Command : git push -u origin tooling/test

===== PACKAGE FINISH CHECK =====
PASS

===== COMPLETE =====
Handoff: /tmp/dkb-publish-ldgo2d1u/output/handoff.json
PASS

===== PACKAGE PUBLISH =====
Branch : tooling/test
Base   : 03e95549a187088834746ed4a0e98b4ed6261454
Subject: tooling: publish test
Files  : 1
Mode   : precommit
Quality receipt rejected: receipt field differs: branch

===== FULL QUALITY LOG =====
Quality receipt created: PASS (298 tests)

===== STAGING =====
Staged paths: 1

===== COMMIT =====
Commit: 7c72e94b7ceba97c2271ebfd2841e19d5415f829

===== PACKAGE FINISH =====

===== PACKAGE FINISH =====
Branch : tooling/test
Base   : 03e95549a187088834746ed4a0e98b4ed6261454
HEAD   : 7c72e94b7ceba97c2271ebfd2841e19d5415f829
Commits: 1
Files  : 1
Subject: tooling: publish test
Manifest: PASS

===== COMMITS =====
7c72e94 (HEAD -> tooling/test) tooling: publish test

===== CHANGED PATHS =====
tools/example.py

===== DIFF STAT =====
tools/example.py | 1 +
 1 file changed, 1 insertion(+)

===== PUSH =====
Upstream: not configured
Command : git push -u origin tooling/test

===== PACKAGE FINISH CHECK =====
PASS

===== COMPLETE =====
Handoff: /tmp/dkb-publish-drdvt28b/output/handoff.json
PASS

===== PACKAGE PUBLISH =====
Branch : tooling/test
Base   : 03e95549a187088834746ed4a0e98b4ed6261454
Subject: tooling: publish test
Files  : 1
Mode   : precommit
Quality receipt: PASS (298 tests)

===== STAGING =====
Staged paths: 1

===== COMMIT =====
Commit: 7c72e94b7ceba97c2271ebfd2841e19d5415f829

===== PACKAGE FINISH =====

===== PACKAGE FINISH =====
Branch : tooling/test
Base   : 03e95549a187088834746ed4a0e98b4ed6261454
HEAD   : 7c72e94b7ceba97c2271ebfd2841e19d5415f829
Commits: 1
Files  : 1
Subject: tooling: publish test
Manifest: PASS

===== COMMITS =====
7c72e94 (HEAD -> tooling/test) tooling: publish test

===== CHANGED PATHS =====
tools/example.py

===== DIFF STAT =====
tools/example.py | 1 +
 1 file changed, 1 insertion(+)

===== PUSH =====
Upstream: not configured
Command : git push -u origin tooling/test

===== PACKAGE FINISH CHECK =====
PASS

===== COMPLETE =====
Handoff: /tmp/dkb-publish-lja2pzz2/output/handoff.json
PASS

===== PACKAGE PUBLISH =====
Branch : tooling/test
Base   : 03e95549a187088834746ed4a0e98b4ed6261454
Subject: tooling: publish test
Files  : 1

===== FAIL =====

===== PACKAGE PUBLISH =====
Branch : tooling/test
Base   : 03e95549a187088834746ed4a0e98b4ed6261454
Subject: tooling: publish test
Files  : 1

===== FAIL =====

===== PACKAGE PUBLISH =====
Branch : tooling/test
Base   : 03e95549a187088834746ed4a0e98b4ed6261454
Subject: tooling: publish test
Files  : 1
Mode   : precommit
Quality receipt: PASS (298 tests)

===== STAGING =====
Staged paths: 1

===== COMMIT =====
Commit: 16e1f0833091b39fbe1f3ccbda35dc28c4c20875

===== PACKAGE FINISH =====

===== PACKAGE FINISH =====
Branch : tooling/test
Base   : 03e95549a187088834746ed4a0e98b4ed6261454
HEAD   : 16e1f0833091b39fbe1f3ccbda35dc28c4c20875
Commits: 1
Files  : 1
Subject: tooling: publish test
Manifest: PASS

===== COMMITS =====
16e1f08 (HEAD -> tooling/test) tooling: publish test

===== CHANGED PATHS =====
tools/example.py

===== DIFF STAT =====
tools/example.py | 1 +
 1 file changed, 1 insertion(+)

===== PUSH =====
Upstream: not configured
Command : git push -u origin tooling/test

===== PACKAGE FINISH CHECK =====
PASS

===== COMPLETE =====
Handoff: /tmp/dkb-publish-yqozpre7/output/handoff.json
PASS

===== PACKAGE PUBLISH =====
Branch : tooling/test
Base   : 15103266e6039068aa165782bcd85f15981a0cae
Subject: tooling: publish test
Files  : 1
Mode   : precommit
Quality receipt: PASS (298 tests)

===== STAGING =====
Staged paths: 1

===== COMMIT =====
Commit: be5ea75c019783624de141b9fa963460f3bf271a

===== PACKAGE FINISH =====

===== PACKAGE FINISH =====
Branch : tooling/test
Base   : 15103266e6039068aa165782bcd85f15981a0cae
HEAD   : be5ea75c019783624de141b9fa963460f3bf271a
Commits: 1
Files  : 1
Subject: tooling: publish test
Manifest: PASS

===== COMMITS =====
be5ea75 (HEAD -> tooling/test) tooling: publish test

===== CHANGED PATHS =====
tools/example.py

===== DIFF STAT =====
tools/example.py | 1 +
 1 file changed, 1 insertion(+)

===== PUSH =====
Upstream: not configured
Command : git push -u origin tooling/test

===== PACKAGE FINISH CHECK =====
PASS
From /home/runner/work/Dacia-Knowledge-Base/dkb-workflow-test-z1bblzmt/remote
 * branch            main       -> FETCH_HEAD
Already up to date.
Switched to a new branch 'tooling/test'
From /home/runner/work/Dacia-Knowledge-Base/dkb-workflow-test-dyv8un47/remote
 * branch            main       -> FETCH_HEAD
Already up to date.
Switched to a new branch 'tooling/test'
From /home/runner/work/Dacia-Knowledge-Base/dkb-workflow-test-fa0vjfhu/remote
 * branch            main       -> FETCH_HEAD
Already up to date.
Switched to a new branch 'tooling/test'
From /home/runner/work/Dacia-Knowledge-Base/dkb-workflow-test-ydrzyam6/remote
 * branch            main       -> FETCH_HEAD
Already up to date.
Switched to a new branch 'tooling/test'
From /home/runner/work/Dacia-Knowledge-Base/dkb-workflow-test-88jwqjr9/remote
 * branch            main       -> FETCH_HEAD
Already up to date.
Switched to a new branch 'tooling/test'
From /home/runner/work/Dacia-Knowledge-Base/dkb-workflow-test-e2ckmkg6/remote
 * branch            main       -> FETCH_HEAD
Already up to date.
Switched to a new branch 'tooling/test'
From /home/runner/work/Dacia-Knowledge-Base/dkb-workflow-test-dhfp_4ua/remote
 * branch            main       -> FETCH_HEAD
Already up to date.
Switched to a new branch 'tooling/test'
From /home/runner/work/Dacia-Knowledge-Base/dkb-workflow-test-iridcog2/remote
 * branch            main       -> FETCH_HEAD
Already up to date.
Switched to a new branch 'tooling/test'
From /home/runner/work/Dacia-Knowledge-Base/dkb-workflow-test-9qcdw398/remote
 * branch            main       -> FETCH_HEAD
Already up to date.
Switched to a new branch 'tooling/test'
From /home/runner/work/Dacia-Knowledge-Base/dkb-workflow-test-sp323db3/remote
 * branch            main       -> FETCH_HEAD
Already up to date.
Switched to a new branch 'tooling/test'
From /home/runner/work/Dacia-Knowledge-Base/dkb-workflow-test-2bek3qgp/remote
 * branch            main       -> FETCH_HEAD
Already up to date.
Switched to a new branch 'tooling/test'
From /home/runner/work/Dacia-Knowledge-Base/dkb-workflow-test-jhllps51/remote
 * branch            main       -> FETCH_HEAD
Already up to date.
Switched to a new branch 'tooling/test'
From /home/runner/work/Dacia-Knowledge-Base/dkb-workflow-test-kivhylnz/remote
 * branch            main       -> FETCH_HEAD
Already up to date.
Switched to a new branch 'tooling/test'
From /home/runner/work/Dacia-Knowledge-Base/dkb-workflow-test-0dfyv8ba/remote
 * branch            main       -> FETCH_HEAD
Already up to date.
Switched to a new branch 'tooling/test'
From /home/runner/work/Dacia-Knowledge-Base/dkb-workflow-test-t__t1n_b/remote
 * branch            main       -> FETCH_HEAD
Already up to date.
Switched to a new branch 'tooling/test'
From /home/runner/work/Dacia-Knowledge-Base/dkb-workflow-test-1t_6pina/remote
 * branch            main       -> FETCH_HEAD
Already up to date.
Switched to a new branch 'tooling/test'
From /home/runner/work/Dacia-Knowledge-Base/dkb-workflow-test-7l3bl6ed/remote
 * branch            main       -> FETCH_HEAD
Already up to date.
Switched to a new branch 'tooling/workflow-test'
From /home/runner/work/Dacia-Knowledge-Base/dkb-workflow-test-kqlr853u/remote
 * branch            main       -> FETCH_HEAD
Already up to date.
==> First: FAIL
boom\n
Quality checks failed at: First (exit code 5). Full log: /tmp/tmptqfqf2cs/quality.log

===== COMPLETE =====
Handoff: /tmp/dkb-publish-_0w4utqb/output/handoff.json
PASS

===== PACKAGE PUBLISH =====
Branch : tooling/test
Base   : 15103266e6039068aa165782bcd85f15981a0cae
Subject: tooling: publish test
Files  : 1
Mode   : committed
Quality receipt: PASS (298 tests)
Existing package commit reused: be5ea75c019783624de141b9fa963460f3bf271a

===== PACKAGE FINISH =====

===== PACKAGE FINISH =====
Branch : tooling/test
Base   : 15103266e6039068aa165782bcd85f15981a0cae
HEAD   : be5ea75c019783624de141b9fa963460f3bf271a
Commits: 1
Files  : 1
Subject: tooling: publish test
Manifest: PASS

===== COMMITS =====
be5ea75 (HEAD -> tooling/test) tooling: publish test

===== CHANGED PATHS =====
tools/example.py

===== DIFF STAT =====
tools/example.py | 1 +
 1 file changed, 1 insertion(+)

===== PUSH =====
Upstream: not configured
Command : git push -u origin tooling/test

===== PACKAGE FINISH CHECK =====
PASS

===== COMPLETE =====
Handoff: /tmp/dkb-publish-_0w4utqb/output/handoff.json
PASS

==> Broken
ERROR: SQLite database does not exist: /tmp/tmpv3pp6q3l/missing.sqlite
======================================================================
FAIL: test_repository_totals_match_technical_package (test_duster_technical_specifications.DusterTechnicalSpecificationTests.test_repository_totals_match_technical_package)
----------------------------------------------------------------------
Traceback (most recent call last):
  File "/home/runner/work/Dacia-Knowledge-Base/Dacia-Knowledge-Base/tests/test_duster_technical_specifications.py", line 192, in test_repository_totals_match_technical_package
    self.assertEqual(len(self.all_values), 1036)
    ~~~~~~~~~~~~~~~~^^^^^^^^^^^^^^^^^^^^^^^^^^^^
AssertionError: 1068 != 1036

----------------------------------------------------------------------
Ran 464 tests in 10.483s

FAILED (failures=1)
Building SQLite database: /tmp/tmpd3e258me/test.sqlite
Source directory: /tmp/tmpd3e258me/data/master
  data/master/attributes.csv -> attributes: 1 rows
  data/master/models.csv -> models: 2 rows
Database ready: /tmp/tmpd3e258me/test.sqlite
Building SQLite database: /tmp/tmpubym0b5f/test.sqlite
Source directory: /tmp/tmpubym0b5f/data/master
  data/master/attributes.csv -> attributes: 1 rows
  data/master/models.csv -> models: 2 rows
Database ready: /tmp/tmpubym0b5f/test.sqlite
Building SQLite database: /tmp/tmpm2j6pmsi/test.sqlite
Source directory: /tmp/tmpm2j6pmsi/data/master
  data/master/attributes.csv -> attributes: 1 rows
  data/master/models.csv -> models: 2 rows
Database ready: /tmp/tmpm2j6pmsi/test.sqlite
Building SQLite database: /tmp/tmpg_f6zrdl/test.sqlite
Source directory: /tmp/tmpg_f6zrdl/data/master
  data/master/attributes.csv -> attributes: 1 rows
  data/master/models.csv -> models: 2 rows
Database ready: /tmp/tmpg_f6zrdl/test.sqlite
Building SQLite database: /tmp/tmp1df3wqoa/test.sqlite
Source directory: /tmp/tmp1df3wqoa/data/master
  data/master/attributes.csv -> attributes: 1 rows
  data/master/models.csv -> models: 2 rows
Database ready: /tmp/tmp1df3wqoa/test.sqlite
Building SQLite database: /tmp/tmpfrvp48bk/test.sqlite
Source directory: /tmp/tmpfrvp48bk/data/master
  data/master/attributes.csv -> attributes: 1 rows
  data/master/models.csv -> models: 2 rows
Database ready: /tmp/tmpfrvp48bk/test.sqlite
