test_accepts_distinct_pairs_with_same_interval (test_association_intervals.AssociationIntervalValidationTests) ... ok
test_accepts_non_overlapping_repeated_pair (test_association_intervals.AssociationIntervalValidationTests) ... ok
test_rejects_exact_duplicate_interval (test_association_intervals.AssociationIntervalValidationTests) ... ok
test_rejects_interval_after_open_interval (test_association_intervals.AssociationIntervalValidationTests) ... ok
test_rejects_overlapping_closed_intervals (test_association_intervals.AssociationIntervalValidationTests) ... ok
test_rejects_reversed_interval (test_association_intervals.AssociationIntervalValidationTests) ... ok
test_rejects_shared_boundary_year (test_association_intervals.AssociationIntervalValidationTests) ... ok
test_reports_empty_key_column (test_association_intervals.AssociationIntervalValidationTests) ... ok
test_reports_missing_column (test_association_intervals.AssociationIntervalValidationTests) ... ok
test_reports_missing_file (test_association_intervals.AssociationIntervalValidationTests) ... ok
test_scans_all_configured_files (test_association_intervals.AssociationIntervalValidationTests) ... ok
test_accepts_open_range_inside_open_parent (test_association_ranges.AssociationRangeValidationTests) ... ok
test_accepts_range_inside_closed_parent (test_association_ranges.AssociationRangeValidationTests) ... ok
test_rejects_open_relation_for_closed_parent (test_association_ranges.AssociationRangeValidationTests) ... ok
test_rejects_relation_end_after_parent (test_association_ranges.AssociationRangeValidationTests) ... ok
test_rejects_relation_start_before_parent (test_association_ranges.AssociationRangeValidationTests) ... ok
test_rejects_reversed_relation_range (test_association_ranges.AssociationRangeValidationTests) ... ok
test_reports_missing_parent_code (test_association_ranges.AssociationRangeValidationTests) ... ok
test_reports_missing_parent_column (test_association_ranges.AssociationRangeValidationTests) ... ok
test_reports_missing_relation_column (test_association_ranges.AssociationRangeValidationTests) ... ok
test_reports_missing_relation_file (test_association_ranges.AssociationRangeValidationTests) ... ok
test_scans_all_configured_rules (test_association_ranges.AssociationRangeValidationTests) ... ok
test_builds_database_with_expected_data (test_build_sqlite.SqliteBuildTests) ... ok
test_creates_output_parent_directory (test_build_sqlite.SqliteBuildTests) ... ok
test_preserves_existing_database_on_failure (test_build_sqlite.SqliteBuildTests) ... ok
test_rejects_duplicate_table_names (test_build_sqlite.SqliteBuildTests) ... ok
test_replaces_existing_database_after_success (test_build_sqlite.SqliteBuildTests) ... ok
test_deterministic_json_and_markdown (test_configuration_comparison.ConfigurationComparisonTests) ... ok
test_difference_csv_contains_only_recorded_differences (test_configuration_comparison.ConfigurationComparisonTests) ... ok
test_difference_csv_domain_filter_composes_with_pair_type (test_configuration_comparison.ConfigurationComparisonTests) ... ok
test_difference_csv_empty_filter_has_header_only (test_configuration_comparison.ConfigurationComparisonTests) ... ok
test_difference_csv_item_filter_composes_with_other_filters (test_configuration_comparison.ConfigurationComparisonTests) ... ok
test_distinguishes_recorded_differences_and_evidence_states (test_configuration_comparison.ConfigurationComparisonTests) ... ok
test_pair_type_filter_recalculates_scope_and_summary (test_configuration_comparison.ConfigurationComparisonTests) ... ok
test_rejects_duplicate_current_price (test_configuration_comparison.ConfigurationComparisonTests) ... ok
test_rejects_evidence_scope_drift (test_configuration_comparison.ConfigurationComparisonTests) ... ok
test_rejects_unknown_difference_domain (test_configuration_comparison.ConfigurationComparisonTests) ... ok
test_rejects_unknown_difference_item_code (test_configuration_comparison.ConfigurationComparisonTests) ... ok
test_rejects_unknown_pair_type_filter (test_configuration_comparison.ConfigurationComparisonTests) ... ok
test_as_of (test_configuration_completeness.ConfigurationCompletenessTests) ... ok
test_deterministic_json_and_markdown (test_configuration_completeness.ConfigurationCompletenessTests) ... ok
test_distinguishes_states (test_configuration_completeness.ConfigurationCompletenessTests) ... ok
test_rejects_record_for_not_applicable (test_configuration_completeness.ConfigurationCompletenessTests) ... ok
test_rejects_scope_drift (test_configuration_completeness.ConfigurationCompletenessTests) ... ok
test_rejects_unregistered_slot (test_configuration_completeness.ConfigurationCompletenessTests) ... ok
test_builds_conservative_evidence_report (test_configuration_gap_evidence.ConfigurationGapEvidenceTests) ... ok
test_json_and_markdown_are_deterministic (test_configuration_gap_evidence.ConfigurationGapEvidenceTests) ... ok
test_parse_args_accepts_specs_snapshot_and_outputs (test_configuration_gap_evidence.ConfigurationGapEvidenceTests) ... ok
test_rejects_ambiguous_without_manual_review (test_configuration_gap_evidence.ConfigurationGapEvidenceTests) ... ok
test_rejects_found_without_source_evidence (test_configuration_gap_evidence.ConfigurationGapEvidenceTests) ... ok
test_rejects_gap_set_mismatch (test_configuration_gap_evidence.ConfigurationGapEvidenceTests) ... ok
test_rejects_source_metadata_mismatch (test_configuration_gap_evidence.ConfigurationGapEvidenceTests) ... ok
test_source_page_scope_reports_completed_review (test_configuration_gap_evidence.ConfigurationGapEvidenceTests) ... ok
test_validates_automatic_transmission_scope_basis (test_configuration_gap_evidence.ConfigurationGapEvidenceTests) ... ok
test_validates_availability_basis_source_text (test_configuration_gap_evidence.ConfigurationGapEvidenceTests) ... ok
test_builds_resolution_plan_for_all_evidence_states (test_configuration_gap_resolution_plan.ConfigurationGapResolutionPlanTests) ... ok
test_found_candidate_reuses_existing_string_model (test_configuration_gap_resolution_plan.ConfigurationGapResolutionPlanTests) ... ok
test_json_and_markdown_are_deterministic (test_configuration_gap_resolution_plan.ConfigurationGapResolutionPlanTests) ... ok
test_parse_args_accepts_specs_and_outputs (test_configuration_gap_resolution_plan.ConfigurationGapResolutionPlanTests) ... ok
test_rejects_ambiguous_evidence (test_configuration_gap_resolution_plan.ConfigurationGapResolutionPlanTests) ... ok
test_rejects_existing_conflicting_value (test_configuration_gap_resolution_plan.ConfigurationGapResolutionPlanTests) ... ok
test_rejects_found_without_candidate_value (test_configuration_gap_resolution_plan.ConfigurationGapResolutionPlanTests) ... ok
test_rejects_missing_source_configuration_pair (test_configuration_gap_resolution_plan.ConfigurationGapResolutionPlanTests) ... ok
test_rejects_plan_content_mismatch (test_configuration_gap_resolution_plan.ConfigurationGapResolutionPlanTests) ... ok
test_rejects_plan_decision_set_mismatch (test_configuration_gap_resolution_plan.ConfigurationGapResolutionPlanTests) ... ok
test_zero_candidates_route_to_closure_milestone (test_configuration_gap_resolution_plan.ConfigurationGapResolutionPlanTests) ... ok
test_classifies_found_direct_statement (test_configuration_gap_source_review.ConfigurationGapSourceReviewTests) ... ok
test_classifies_not_stated_after_complete_page (test_configuration_gap_source_review.ConfigurationGapSourceReviewTests) ... ok
test_conflicting_candidates_remain_ambiguous (test_configuration_gap_source_review.ConfigurationGapSourceReviewTests) ... ok
test_incomplete_extraction_remains_ambiguous (test_configuration_gap_source_review.ConfigurationGapSourceReviewTests) ... ok
test_markdown_is_deterministic_and_conservative (test_configuration_gap_source_review.ConfigurationGapSourceReviewTests) ... ok
test_page_extraction_uses_anchor_calibration (test_configuration_gap_source_review.ConfigurationGapSourceReviewTests) ... ok
test_parse_args_accepts_review_outputs_and_verify (test_configuration_gap_source_review.ConfigurationGapSourceReviewTests) ... ok
test_rules_must_match_ambiguous_attributes (test_configuration_gap_source_review.ConfigurationGapSourceReviewTests) ... ok
test_source_hash_mismatch_is_rejected (test_configuration_gap_source_review.ConfigurationGapSourceReviewTests) ... ok
test_source_text_window_prefers_shortest_window (test_configuration_gap_source_review.ConfigurationGapSourceReviewTests) ... ok
test_updated_spec_and_report_are_deterministic (test_configuration_gap_source_review.ConfigurationGapSourceReviewTests) ... ok
test_builds_neutral_queue_and_preserves_source_metadata (test_configuration_gap_triage.ConfigurationGapTriageTests) ... ok
test_groups_queue_by_source_configuration_category_and_section (test_configuration_gap_triage.ConfigurationGapTriageTests) ... ok
test_input_order_does_not_change_output (test_configuration_gap_triage.ConfigurationGapTriageTests) ... ok
test_json_and_markdown_are_deterministic (test_configuration_gap_triage.ConfigurationGapTriageTests) ... ok
test_parse_args_accepts_snapshot_and_outputs (test_configuration_gap_triage.ConfigurationGapTriageTests) ... ok
test_rejects_gap_set_mismatch (test_configuration_gap_triage.ConfigurationGapTriageTests) ... ok
test_rejects_input_report_date_mismatch (test_configuration_gap_triage.ConfigurationGapTriageTests) ... ok
test_rejects_source_registration_gap (test_configuration_gap_triage.ConfigurationGapTriageTests) ... ok
test_each_spec_matches_master_rows_exactly (test_configuration_value_import_specs.ConfigurationValueImportSpecTests) ... ok
test_one_off_value_test_is_replaced_by_shared_contract (test_configuration_value_import_specs.ConfigurationValueImportSpecTests) ... ok
test_registered_source_files_match_declared_hashes (test_configuration_value_import_specs.ConfigurationValueImportSpecTests) ... ok
test_repository_contains_versioned_import_specs (test_configuration_value_import_specs.ConfigurationValueImportSpecTests) ... ok
test_specs_generate_globally_disjoint_identifiers (test_configuration_value_import_specs.ConfigurationValueImportSpecTests) ... ok
test_specs_use_registered_source_configuration_pairs (test_configuration_value_import_specs.ConfigurationValueImportSpecTests) ... ok
test_accepts_utf8_bom (test_csv_validator.CsvValidatorTests) ... ok
test_accepts_valid_utf8_csv (test_csv_validator.CsvValidatorTests) ... ok
test_rejects_case_insensitive_duplicate_header (test_csv_validator.CsvValidatorTests) ... ok
test_rejects_empty_data_row (test_csv_validator.CsvValidatorTests) ... ok
test_rejects_empty_file (test_csv_validator.CsvValidatorTests) ... ok
test_rejects_empty_header_name (test_csv_validator.CsvValidatorTests) ... ok
test_rejects_long_row (test_csv_validator.CsvValidatorTests) ... ok
test_rejects_malformed_csv_quoting (test_csv_validator.CsvValidatorTests) ... ok
test_rejects_short_row (test_csv_validator.CsvValidatorTests) ... ok
test_rejects_windows_1250 (test_csv_validator.CsvValidatorTests) ... ok
test_reports_missing_file (test_csv_validator.CsvValidatorTests) ... ok
test_accepts_all_help_aliases (test_dkb_cli.DkbCliTests) ... ok
test_configuration_comparison_help_and_forwarding (test_dkb_cli.DkbCliTests) ... ok
test_configuration_completeness_help_and_forwarding (test_dkb_cli.DkbCliTests) ... ok
test_configuration_gap_evidence_help_and_forwarding (test_dkb_cli.DkbCliTests) ... ok
test_configuration_gap_resolution_plan_help_and_forwarding (test_dkb_cli.DkbCliTests) ... ok
test_configuration_gap_source_review_help_and_forwarding (test_dkb_cli.DkbCliTests) ... ok
test_configuration_gap_triage_help_and_forwarding (test_dkb_cli.DkbCliTests) ... ok
test_displays_help_without_arguments (test_dkb_cli.DkbCliTests) ... ok
test_documentation_baseline_help_and_forwarding (test_dkb_cli.DkbCliTests) ... ok
test_forwards_configuration_value_import_arguments (test_dkb_cli.DkbCliTests) ... ok
test_forwards_package_publish_arguments_and_exit_code (test_dkb_cli.DkbCliTests) ... ok
test_forwards_script_arguments_and_exit_code (test_dkb_cli.DkbCliTests) ... ok
test_forwards_workflow_arguments_and_exit_code (test_dkb_cli.DkbCliTests) ... ok
test_help_includes_configuration_value_import (test_dkb_cli.DkbCliTests) ... ok
test_help_includes_package_publish (test_dkb_cli.DkbCliTests) ... ok
test_main_dispatches_report_command (test_dkb_cli.DkbCliTests) ... ok
test_main_dispatches_script_command (test_dkb_cli.DkbCliTests) ... ok
test_main_dispatches_workflow_command (test_dkb_cli.DkbCliTests) ... ok
test_rejects_arguments_for_report_command (test_dkb_cli.DkbCliTests) ... ok
test_rejects_unknown_command (test_dkb_cli.DkbCliTests) ... ok
test_reports_missing_command_script (test_dkb_cli.DkbCliTests) ... ok
test_source_coverage_help_and_forwarding (test_dkb_cli.DkbCliTests) ... ok
test_apply_then_check_managed_documents (test_documentation_baseline.DocumentationBaselineTests) ... ok
test_collects_deterministic_source_counts (test_documentation_baseline.DocumentationBaselineTests) ... ok
test_detects_document_drift (test_documentation_baseline.DocumentationBaselineTests) ... ok
test_markdown_and_arguments (test_documentation_baseline.DocumentationBaselineTests) ... ok
test_rejects_missing_markers (test_documentation_baseline.DocumentationBaselineTests) ... ok
test_rejects_sqlite_mismatch (test_documentation_baseline.DocumentationBaselineTests) ... ok
test_verifies_matching_sqlite (test_documentation_baseline.DocumentationBaselineTests) ... ok
test_catalog_identity_remains_valid_after_equipment_enrichment (test_duster_catalog_bootstrap.DusterCatalogBootstrapTests) ... ok
test_five_source_backed_versions_are_active (test_duster_catalog_bootstrap.DusterCatalogBootstrapTests) ... ok
test_reporting_subset_remains_sandero_only (test_duster_catalog_bootstrap.DusterCatalogBootstrapTests) ... ok
test_source_relations_cover_every_new_entity_exactly_once (test_duster_catalog_bootstrap.DusterCatalogBootstrapTests) ... ok
test_trim_and_transmission_counts_match_source_matrix (test_duster_catalog_bootstrap.DusterCatalogBootstrapTests) ... ok
test_twenty_four_explicit_configurations_match_price_matrix (test_duster_catalog_bootstrap.DusterCatalogBootstrapTests) ... ok
test_codes_are_unique_and_deterministic (test_duster_catalog_prices.DusterCatalogPriceTests) ... ok
test_every_price_references_an_existing_bootstrap_configuration (test_duster_catalog_prices.DusterCatalogPriceTests) ... ok
test_exact_twenty_four_source_supported_prices (test_duster_catalog_prices.DusterCatalogPriceTests) ... ok
test_existing_sandero_prices_remain_unchanged (test_duster_catalog_prices.DusterCatalogPriceTests) ... ok
test_notes_preserve_scope_and_exclude_promotions (test_duster_catalog_prices.DusterCatalogPriceTests) ... ok
test_prices_use_canonical_market_type_currency_and_date (test_duster_catalog_prices.DusterCatalogPriceTests) ... ok
test_comparison_summaries_are_stable (test_duster_ecog120_reporting_scope.DusterReportingScopeTests) ... ok
test_comparisons_have_expected_complete_pairs (test_duster_ecog120_reporting_scope.DusterReportingScopeTests) ... ok
test_completeness_is_one_hundred_percent (test_duster_ecog120_reporting_scope.DusterReportingScopeTests) ... ok
test_empty_evidence_is_valid_because_the_scopes_have_no_gaps (test_duster_ecog120_reporting_scope.DusterReportingScopeTests) ... ok
test_reporting_denominators_remain_independent (test_duster_ecog120_reporting_scope.DusterReportingScopeTests) ... ok
test_scopes_have_expected_technical_slots_and_fifty_eight_equipment_attributes (test_duster_ecog120_reporting_scope.DusterReportingScopeTests) ... ok
test_scopes_select_expected_current_configurations (test_duster_ecog120_reporting_scope.DusterReportingScopeTests) ... ok
test_source_coverage_is_complete (test_duster_ecog120_reporting_scope.DusterReportingScopeTests) ... ok
test_each_duster_configuration_receives_fifty_eight_attributes (test_duster_equipment_availability_import.DusterEquipmentAvailabilityImportTests) ... ok
test_every_matrix_attribute_is_active_in_the_canonical_catalogue (test_duster_equipment_availability_import.DusterEquipmentAvailabilityImportTests) ... ok
test_evidence_boundary_excludes_ambiguous_domains (test_duster_equipment_availability_import.DusterEquipmentAvailabilityImportTests) ... ok
test_existing_non_duster_availability_is_preserved (test_duster_equipment_availability_import.DusterEquipmentAvailabilityImportTests) ... ok
test_generated_rows_have_the_exact_status_distribution (test_duster_equipment_availability_import.DusterEquipmentAvailabilityImportTests) ... ok
test_import_covers_exactly_twenty_four_active_duster_configurations (test_duster_equipment_availability_import.DusterEquipmentAvailabilityImportTests) ... ok
test_master_rows_match_the_generated_contract (test_duster_equipment_availability_import.DusterEquipmentAvailabilityImportTests) ... ok
test_two_declarative_matrices_define_fifty_eight_unique_attributes (test_duster_equipment_availability_import.DusterEquipmentAvailabilityImportTests) ... ok
test_33_specs_expand_to_392_exact_master_rows (test_duster_technical_specifications.DusterTechnicalSpecificationTests) ... ok
test_attribute_and_context_counts_are_stable (test_duster_technical_specifications.DusterTechnicalSpecificationTests) ... ok
test_bifuel_contexts_preserve_source_distinctions (test_duster_technical_specifications.DusterTechnicalSpecificationTests) ... ok
test_every_configuration_has_unambiguous_core_values (test_duster_technical_specifications.DusterTechnicalSpecificationTests) ... ok
test_hybrid_motor_components_are_not_collapsed_into_system_power (test_duster_technical_specifications.DusterTechnicalSpecificationTests) ... ok
test_prices_and_reporting_scope_remain_stable (test_duster_technical_specifications.DusterTechnicalSpecificationTests) ... ok
test_repository_totals_match_technical_package (test_duster_technical_specifications.DusterTechnicalSpecificationTests) ... ok
test_trim_dependent_or_ambiguous_rows_are_not_imported (test_duster_technical_specifications.DusterTechnicalSpecificationTests) ... ok
test_declares_all_equipment_availability_references (test_equipment_availability_schema.EquipmentAvailabilitySchemaTests) ... ok
test_declares_status_validation_for_dictionary (test_equipment_availability_schema.EquipmentAvailabilitySchemaTests) ... ok
test_relation_matches_d015_schema (test_equipment_availability_schema.EquipmentAvailabilitySchemaTests) ... ok
test_sqlite_discovery_includes_new_schema_tables (test_equipment_availability_schema.EquipmentAvailabilitySchemaTests) ... ok
test_status_dictionary_contains_controlled_values (test_equipment_availability_schema.EquipmentAvailabilitySchemaTests) ... ok
test_apply_appends_atomically_and_is_idempotent (test_import_configuration_values.ImportConfigurationValuesTests) ... ok
test_builds_exact_deterministic_rows (test_import_configuration_values.ImportConfigurationValuesTests) ... ok
test_loads_valid_versioned_spec (test_import_configuration_values.ImportConfigurationValuesTests) ... ok
test_plan_reports_exact_existing_rows (test_import_configuration_values.ImportConfigurationValuesTests) ... ok
test_registered_source_hash_mismatch_is_rejected (test_import_configuration_values.ImportConfigurationValuesTests) ... ok
test_registered_source_text_mismatch_is_rejected (test_import_configuration_values.ImportConfigurationValuesTests) ... ok
test_rejects_attribute_contract_mismatch (test_import_configuration_values.ImportConfigurationValuesTests) ... ok
test_rejects_duplicate_configuration_and_fuel_context (test_import_configuration_values.ImportConfigurationValuesTests) ... ok
test_rejects_existing_id_conflict (test_import_configuration_values.ImportConfigurationValuesTests) ... ok
test_rejects_invalid_observation_date (test_import_configuration_values.ImportConfigurationValuesTests) ... ok
test_rejects_noncanonical_integer_value (test_import_configuration_values.ImportConfigurationValuesTests) ... ok
test_rejects_source_configuration_mismatch (test_import_configuration_values.ImportConfigurationValuesTests) ... ok
test_rejects_unknown_attribute (test_import_configuration_values.ImportConfigurationValuesTests) ... ok
test_rejects_unknown_configuration (test_import_configuration_values.ImportConfigurationValuesTests) ... ok
test_rejects_unknown_row_key (test_import_configuration_values.ImportConfigurationValuesTests) ... ok
test_rejects_unknown_source (test_import_configuration_values.ImportConfigurationValuesTests) ... ok
test_rejects_unknown_top_level_key (test_import_configuration_values.ImportConfigurationValuesTests) ... ok
test_verify_rejects_missing_rows (test_import_configuration_values.ImportConfigurationValuesTests) ... ok
test_four_versions_and_twenty_two_configurations_are_exact (test_jogger_catalogue_entity_foundation.JoggerCatalogueEntityFoundationTests) ... ok
test_seat_count_is_an_explicit_dated_observation (test_jogger_catalogue_entity_foundation.JoggerCatalogueEntityFoundationTests) ... ok
test_source_is_registered_with_exact_provenance_boundary (test_jogger_catalogue_entity_foundation.JoggerCatalogueEntityFoundationTests) ... ok
test_source_relationships_cover_the_complete_catalogue (test_jogger_catalogue_entity_foundation.JoggerCatalogueEntityFoundationTests) ... ok
test_twenty_two_catalogue_prices_match_page_one (test_jogger_catalogue_entity_foundation.JoggerCatalogueEntityFoundationTests) ... ok
test_gearbox_type_distribution_matches_four_source_groups (test_jogger_gearbox_reconciliation.JoggerGearboxReconciliationTests) ... ok
test_jogger_model_associations_close_old_hybrid_and_open_my26_entities (test_jogger_gearbox_reconciliation.JoggerGearboxReconciliationTests) ... ok
test_master_gearbox_entities_preserve_exact_existing_contracts (test_jogger_gearbox_reconciliation.JoggerGearboxReconciliationTests) ... ok
test_registered_source_hash_and_declared_page_text_contract (test_jogger_gearbox_reconciliation.JoggerGearboxReconciliationTests) ... ok
test_six_gear_count_is_source_stated_only_for_manual_and_dct (test_jogger_gearbox_reconciliation.JoggerGearboxReconciliationTests) ... ok
test_two_specs_form_exact_contiguous_38_row_contract (test_jogger_gearbox_reconciliation.JoggerGearboxReconciliationTests) ... ok
test_every_ecog_configuration_preserves_both_fuel_semantics (test_jogger_injection_type_import.JoggerInjectionTypeImportTests) ... ok
test_group_and_fuel_context_counts_match_selection (test_jogger_injection_type_import.JoggerInjectionTypeImportTests) ... ok
test_registered_source_hash_and_declared_text_contract (test_jogger_injection_type_import.JoggerInjectionTypeImportTests) ... ok
test_spec_and_master_rows_form_exact_contiguous_contract (test_jogger_injection_type_import.JoggerInjectionTypeImportTests) ... ok
test_tce_and_hybrid_mappings_use_existing_enum_values (test_jogger_injection_type_import.JoggerInjectionTypeImportTests) ... ok
test_all_rows_retain_page_provenance_and_exact_registered_binary (test_jogger_technical_specifications.JoggerTechnicalSpecificationTests) ... ok
test_deferred_ranges_and_semantic_mismatches_are_absent (test_jogger_technical_specifications.JoggerTechnicalSpecificationTests) ... ok
test_each_powertrain_uses_selected_source_stated_denominator (test_jogger_technical_specifications.JoggerTechnicalSpecificationTests) ... ok
test_ecog_preserves_fuel_contexts_and_excludes_lpg_tank_collapse (test_jogger_technical_specifications.JoggerTechnicalSpecificationTests) ... ok
test_exact_specification_set_is_versioned (test_jogger_technical_specifications.JoggerTechnicalSpecificationTests) ... FAIL
test_hybrid_component_values_remain_separate_from_engine_power (test_jogger_technical_specifications.JoggerTechnicalSpecificationTests) ... ok
test_import_has_contiguous_identifiers_and_exact_total (test_jogger_technical_specifications.JoggerTechnicalSpecificationTests) ... ok
test_seat_dependent_acceleration_and_gross_weight_are_not_flattened (test_jogger_technical_specifications.JoggerTechnicalSpecificationTests) ... ok
test_accepts_data_directory_without_csv (test_normalize_csv_encoding.NormalizeCsvEncodingTests) ... ok
test_apply_converts_file_to_utf8 (test_normalize_csv_encoding.NormalizeCsvEncodingTests) ... ok
test_apply_does_not_rewrite_utf8_file (test_normalize_csv_encoding.NormalizeCsvEncodingTests) ... ok
test_detects_utf8_and_windows_1250 (test_normalize_csv_encoding.NormalizeCsvEncodingTests) ... ok
test_discovers_only_csv_files_under_data (test_normalize_csv_encoding.NormalizeCsvEncodingTests) ... ok
test_dry_run_preserves_source_file (test_normalize_csv_encoding.NormalizeCsvEncodingTests) ... ok
test_rejects_missing_data_directory (test_normalize_csv_encoding.NormalizeCsvEncodingTests) ... ok
test_reports_unreadable_file (test_normalize_csv_encoding.NormalizeCsvEncodingTests) ... ok
test_explicit_push_updates_only_current_branch (test_package_publish.PackagePublishTests) ... ok
test_failed_push_writes_fail_handoff (test_package_publish.PackagePublishTests) ... ok
test_finish_failure_writes_fail_handoff (test_package_publish.PackagePublishTests) ... ok
test_generates_small_pass_handoff (test_package_publish.PackagePublishTests) ... ok
test_invalid_receipt_runs_full_quality (test_package_publish.PackagePublishTests) ... ok
test_publishes_exact_manifest_from_empty_staging (test_package_publish.PackagePublishTests) ... ok
test_rejects_additional_staged_path (test_package_publish.PackagePublishTests) ... ok
test_rejects_additional_untracked_path (test_package_publish.PackagePublishTests) ... ok
test_reuses_valid_receipt_without_quality (test_package_publish.PackagePublishTests) ... ok
test_safe_rerun_does_not_create_second_commit (test_package_publish.PackagePublishTests) ... ok
test_accepts_valid_receipt (test_package_receipt.PackageReceiptTests) ... ok
test_rejects_one_byte_change_after_review (test_package_receipt.PackageReceiptTests) ... ok
test_rejects_receipt_with_other_base_sha (test_package_receipt.PackageReceiptTests) ... ok
test_rejects_receipt_with_other_branch (test_package_receipt.PackageReceiptTests) ... ok
test_rejects_receipt_with_other_path_manifest (test_package_receipt.PackageReceiptTests) ... ok
test_rejects_receipt_with_other_subject (test_package_receipt.PackageReceiptTests) ... ok
test_requires_receipt_output_outside_repository (test_package_receipt.PackageReceiptTests) ... ok
test_utf8_path_and_content_have_stable_state (test_package_receipt.PackageReceiptTests) ... ok
test_finish_manifest_accepts_exact_commit (test_package_workflow.PackageWorkflowTests) ... From /home/runner/work/Dacia-Knowledge-Base/dkb-workflow-test-6f1jrunb/remote
 * branch            main       -> FETCH_HEAD
Already up to date.
Switched to a new branch 'tooling/test'
ok
test_finish_manifest_rejects_multiple_commits (test_package_workflow.PackageWorkflowTests) ... From /home/runner/work/Dacia-Knowledge-Base/dkb-workflow-test-j5e7fu2_/remote
 * branch            main       -> FETCH_HEAD
Already up to date.
Switched to a new branch 'tooling/test'
ok
test_finish_manifest_rejects_wrong_paths (test_package_workflow.PackageWorkflowTests) ... From /home/runner/work/Dacia-Knowledge-Base/dkb-workflow-test-pt5bur56/remote
 * branch            main       -> FETCH_HEAD
Already up to date.
Switched to a new branch 'tooling/test'
ok
test_finish_manifest_rejects_wrong_subject (test_package_workflow.PackageWorkflowTests) ... From /home/runner/work/Dacia-Knowledge-Base/dkb-workflow-test-im9q1ipt/remote
 * branch            main       -> FETCH_HEAD
Already up to date.
Switched to a new branch 'tooling/test'
ok
test_finish_rejects_branch_without_commits (test_package_workflow.PackageWorkflowTests) ... From /home/runner/work/Dacia-Knowledge-Base/dkb-workflow-test-ozogzy06/remote
 * branch            main       -> FETCH_HEAD
Already up to date.
Switched to a new branch 'tooling/test'
ok
test_finish_rejects_dirty_working_tree (test_package_workflow.PackageWorkflowTests) ... From /home/runner/work/Dacia-Knowledge-Base/dkb-workflow-test-983z1tfc/remote
 * branch            main       -> FETCH_HEAD
Already up to date.
Switched to a new branch 'tooling/test'
ok
test_finish_reports_clean_committed_package (test_package_workflow.PackageWorkflowTests) ... From /home/runner/work/Dacia-Knowledge-Base/dkb-workflow-test-iwkb4uzt/remote
 * branch            main       -> FETCH_HEAD
Already up to date.
Switched to a new branch 'tooling/test'
ok
test_path_is_allowed_handles_files_and_directories (test_package_workflow.PackageWorkflowTests) ... ok
test_review_accepts_untracked_file_inside_scope (test_package_workflow.PackageWorkflowTests) ... From /home/runner/work/Dacia-Knowledge-Base/dkb-workflow-test-if8ioj36/remote
 * branch            main       -> FETCH_HEAD
Already up to date.
Switched to a new branch 'tooling/test'
ok
test_review_manifest_accepts_exact_scope_and_utf8_diff (test_package_workflow.PackageWorkflowTests) ... From /home/runner/work/Dacia-Knowledge-Base/dkb-workflow-test-squaozn7/remote
 * branch            main       -> FETCH_HEAD
Already up to date.
Switched to a new branch 'tooling/test'
ok
test_review_manifest_quality_writes_default_receipt (test_package_workflow.PackageWorkflowTests) ... From /home/runner/work/Dacia-Knowledge-Base/dkb-workflow-test-tjv7hck4/remote
 * branch            main       -> FETCH_HEAD
Already up to date.
Switched to a new branch 'tooling/test'
ok
test_review_manifest_rejects_path_mismatch (test_package_workflow.PackageWorkflowTests) ... From /home/runner/work/Dacia-Knowledge-Base/dkb-workflow-test-76qabyak/remote
 * branch            main       -> FETCH_HEAD
Already up to date.
Switched to a new branch 'tooling/test'
ok
test_review_manifest_rejects_wrong_base_sha (test_package_workflow.PackageWorkflowTests) ... From /home/runner/work/Dacia-Knowledge-Base/dkb-workflow-test-ja4bvdti/remote
 * branch            main       -> FETCH_HEAD
Already up to date.
Switched to a new branch 'tooling/test'
ok
test_review_manifest_rejects_wrong_branch (test_package_workflow.PackageWorkflowTests) ... From /home/runner/work/Dacia-Knowledge-Base/dkb-workflow-test-5h6knxyw/remote
 * branch            main       -> FETCH_HEAD
Already up to date.
Switched to a new branch 'tooling/test'
ok
test_review_rejects_file_outside_scope (test_package_workflow.PackageWorkflowTests) ... From /home/runner/work/Dacia-Knowledge-Base/dkb-workflow-test-cie60_ka/remote
 * branch            main       -> FETCH_HEAD
Already up to date.
Switched to a new branch 'tooling/test'
ok
test_review_rejects_receipt_without_quality (test_package_workflow.PackageWorkflowTests) ... ok
test_review_runs_quality_when_requested (test_package_workflow.PackageWorkflowTests) ... From /home/runner/work/Dacia-Knowledge-Base/dkb-workflow-test-v2nq_902/remote
 * branch            main       -> FETCH_HEAD
Already up to date.
Switched to a new branch 'tooling/test'
ok
test_review_show_diff_includes_untracked_content (test_package_workflow.PackageWorkflowTests) ... From /home/runner/work/Dacia-Knowledge-Base/dkb-workflow-test-2q6rdt2b/remote
 * branch            main       -> FETCH_HEAD
Already up to date.
Switched to a new branch 'tooling/test'
ok
test_run_git_ignores_ambient_git_context (test_package_workflow.PackageWorkflowTests) ... ok
test_start_creates_branch_from_synchronized_main (test_package_workflow.PackageWorkflowTests) ... From /home/runner/work/Dacia-Knowledge-Base/dkb-workflow-test-73sbvnkb/remote
 * branch            main       -> FETCH_HEAD
Already up to date.
Switched to a new branch 'tooling/workflow-test'
ok
test_start_rejects_dirty_working_tree (test_package_workflow.PackageWorkflowTests) ... ok
test_start_rejects_existing_local_branch (test_package_workflow.PackageWorkflowTests) ... From /home/runner/work/Dacia-Knowledge-Base/dkb-workflow-test-mcbv52dr/remote
 * branch            main       -> FETCH_HEAD
Already up to date.
ok
test_builds_ci_equivalent_steps (test_quality.QualityTests) ... ok
test_captured_mode_stops_after_first_failure (test_quality.QualityTests) ... ok
test_concise_failure_replays_name_and_traceback (test_quality.QualityTests) ... ok
test_concise_success_writes_full_log_and_summary (test_quality.QualityTests) ... ok
test_parse_args_accepts_structured_outputs (test_quality.QualityTests) ... ok
test_quality_environment_forces_utf8 (test_quality.QualityTests) ... ok
test_run_step_handles_operating_system_error (test_quality.QualityTests) ... ok
test_run_step_propagates_exit_code (test_quality.QualityTests) ... ok
test_runs_all_steps_and_reports_success (test_quality.QualityTests) ... ok
test_stops_after_first_failed_step (test_quality.QualityTests) ... ok
test_accepts_custom_target_column (test_references.ReferenceValidationTests) ... ok
test_accepts_existing_reference (test_references.ReferenceValidationTests) ... ok
test_allows_empty_optional_reference (test_references.ReferenceValidationTests) ... ok
test_declares_optional_observation_fuel_type_reference (test_references.ReferenceValidationTests) ... ok
test_reports_duplicate_target_key_once (test_references.ReferenceValidationTests) ... ok
test_reports_empty_required_reference (test_references.ReferenceValidationTests) ... ok
test_reports_missing_reference (test_references.ReferenceValidationTests) ... ok
test_reports_missing_source_column (test_references.ReferenceValidationTests) ... ok
test_data_dictionary_marks_header_only_columns_complete (test_reporting.ReportingTests) ... ok
test_data_dictionary_reports_coverage_statuses (test_reporting.ReportingTests) ... ok
test_data_dictionary_uses_master_data_and_accepts_bom (test_reporting.ReportingTests) ... ok
test_entity_catalog_handles_bom_and_empty_file (test_reporting.ReportingTests) ... ok
test_entity_catalog_uses_only_master_data (test_reporting.ReportingTests) ... ok
test_accepts_exists_rule (test_rule_contracts.RuleContractValidationTests) ... ok
test_accepts_in_rule (test_rule_contracts.RuleContractValidationTests) ... ok
test_accepts_simple_rules (test_rule_contracts.RuleContractValidationTests) ... ok
test_rejects_duplicate_rule_definition (test_rule_contracts.RuleContractValidationTests) ... ok
test_rejects_empty_message (test_rule_contracts.RuleContractValidationTests) ... ok
test_rejects_invalid_severity (test_rule_contracts.RuleContractValidationTests) ... ok
test_rejects_unknown_subject_field (test_rule_contracts.RuleContractValidationTests) ... ok
test_rejects_unsupported_rule (test_rule_contracts.RuleContractValidationTests) ... ok
test_reports_missing_exists_target_column (test_rule_contracts.RuleContractValidationTests) ... ok
test_reports_missing_exists_target_file (test_rule_contracts.RuleContractValidationTests) ... ok
test_reports_missing_required_column (test_rule_contracts.RuleContractValidationTests) ... ok
test_reports_missing_rules_file (test_rule_contracts.RuleContractValidationTests) ... ok
test_accepts_all_supported_rules (test_rule_execution.RuleExecutionTests) ... ok
test_allows_empty_exists_value (test_rule_execution.RuleExecutionTests) ... ok
test_classifies_warning_severity (test_rule_execution.RuleExecutionTests) ... ok
test_reports_case_insensitive_unique_duplicate (test_rule_execution.RuleExecutionTests) ... ok
test_reports_invalid_in_value (test_rule_execution.RuleExecutionTests) ... ok
test_reports_invalid_severity (test_rule_execution.RuleExecutionTests) ... ok
test_reports_missing_exists_target_column (test_rule_execution.RuleExecutionTests) ... ok
test_reports_missing_exists_target_file (test_rule_execution.RuleExecutionTests) ... ok
test_reports_missing_exists_value (test_rule_execution.RuleExecutionTests) ... ok
test_reports_missing_rules_file (test_rule_execution.RuleExecutionTests) ... ok
test_reports_missing_subject_file (test_rule_execution.RuleExecutionTests) ... ok
test_reports_not_empty_violation (test_rule_execution.RuleExecutionTests) ... ok
test_reports_unsupported_expression (test_rule_execution.RuleExecutionTests) ... ok
test_acoustics_category_is_defined (test_sandero_50_kmh_noise_level_model.Sandero50KmhNoiseLevelModelTests) ... ok
test_configuration_values_preserve_speed_specific_attribute (test_sandero_50_kmh_noise_level_model.Sandero50KmhNoiseLevelModelTests) ... ok
test_decibel_unit_is_defined (test_sandero_50_kmh_noise_level_model.Sandero50KmhNoiseLevelModelTests) ... ok
test_model_package_does_not_change_availability_or_prices (test_sandero_50_kmh_noise_level_model.Sandero50KmhNoiseLevelModelTests) ... ok
test_source_registry_and_mapping_are_unchanged (test_sandero_50_kmh_noise_level_model.Sandero50KmhNoiseLevelModelTests) ... ok
test_speed_condition_is_not_reduced_to_generic_noise (test_sandero_50_kmh_noise_level_model.Sandero50KmhNoiseLevelModelTests) ... ok
test_speed_specific_attribute_is_active_decimal (test_sandero_50_kmh_noise_level_model.Sandero50KmhNoiseLevelModelTests) ... ok
test_codes_are_unique_and_dated (test_sandero_50_kmh_noise_level_values.Sandero50KmhNoiseLevelValueTests) ... ok
test_each_configuration_has_exactly_one_value (test_sandero_50_kmh_noise_level_values.Sandero50KmhNoiseLevelValueTests) ... ok
test_existing_attribute_and_unit_are_active (test_sandero_50_kmh_noise_level_values.Sandero50KmhNoiseLevelValueTests) ... ok
test_manifest_sources_date_and_fuel_context (test_sandero_50_kmh_noise_level_values.Sandero50KmhNoiseLevelValueTests) ... ok
test_package_ids_shape_and_count (test_sandero_50_kmh_noise_level_values.Sandero50KmhNoiseLevelValueTests) ... ok
test_speed_condition_is_not_reduced_or_reinterpreted (test_sandero_50_kmh_noise_level_values.Sandero50KmhNoiseLevelValueTests) ... ok
test_value_is_not_availability_or_price (test_sandero_50_kmh_noise_level_values.Sandero50KmhNoiseLevelValueTests) ... ok
test_values_and_notes_preserve_exact_source_meaning (test_sandero_50_kmh_noise_level_values.Sandero50KmhNoiseLevelValueTests) ... ok
test_availability_dataset_has_expected_shape_and_count (test_sandero_equipment_availability.SanderoCoreEquipmentAvailabilityTests) ... ok
test_availability_records_are_unique_per_observation (test_sandero_equipment_availability.SanderoCoreEquipmentAvailabilityTests) ... ok
test_configuration_counts_match_source_import (test_sandero_equipment_availability.SanderoCoreEquipmentAvailabilityTests) ... ok
test_distinguishing_features_match_sources (test_sandero_equipment_availability.SanderoCoreEquipmentAvailabilityTests) ... ok
test_imported_attribute_definitions_are_boolean_active (test_sandero_equipment_availability.SanderoCoreEquipmentAvailabilityTests) ... ok
test_notes_preserve_source_page_and_wording (test_sandero_equipment_availability.SanderoCoreEquipmentAvailabilityTests) ... ok
test_records_cover_all_configurations_and_sources (test_sandero_equipment_availability.SanderoCoreEquipmentAvailabilityTests) ... ok
test_status_counts_match_source_import (test_sandero_equipment_availability.SanderoCoreEquipmentAvailabilityTests) ... ok
test_bis_variant_remains_distinct_from_euro_6e (test_sandero_euro_6e_bis_model.SanderoEuro6eBisModelTests) ... ok
test_configuration_values_reference_controlled_standards (test_sandero_euro_6e_bis_model.SanderoEuro6eBisModelTests) ... ok
test_dictionary_codes_are_unique_and_active (test_sandero_euro_6e_bis_model.SanderoEuro6eBisModelTests) ... ok
test_dictionary_contains_exact_active_bis_variant (test_sandero_euro_6e_bis_model.SanderoEuro6eBisModelTests) ... ok
test_existing_attribute_is_active_enum (test_sandero_euro_6e_bis_model.SanderoEuro6eBisModelTests) ... ok
test_model_package_does_not_change_other_data_tables (test_sandero_euro_6e_bis_model.SanderoEuro6eBisModelTests) ... ok
test_source_registry_and_mapping_are_unchanged (test_sandero_euro_6e_bis_model.SanderoEuro6eBisModelTests) ... ok
test_codes_are_unique_and_dated (test_sandero_euro_6e_bis_values.SanderoEuro6eBisValueTests) ... ok
test_each_configuration_has_exactly_one_value (test_sandero_euro_6e_bis_values.SanderoEuro6eBisValueTests) ... ok
test_exact_bis_variant_is_not_reduced_to_euro_6e (test_sandero_euro_6e_bis_values.SanderoEuro6eBisValueTests) ... ok
test_existing_attribute_and_dictionary_value_are_active (test_sandero_euro_6e_bis_values.SanderoEuro6eBisValueTests) ... ok
test_manifest_sources_date_and_fuel_context (test_sandero_euro_6e_bis_values.SanderoEuro6eBisValueTests) ... ok
test_package_ids_shape_and_count (test_sandero_euro_6e_bis_values.SanderoEuro6eBisValueTests) ... ok
test_value_is_not_availability_or_price (test_sandero_euro_6e_bis_values.SanderoEuro6eBisValueTests) ... ok
test_values_and_notes_preserve_exact_source_meaning (test_sandero_euro_6e_bis_values.SanderoEuro6eBisValueTests) ... ok
test_colour_is_not_equipment_availability (test_sandero_exterior_colour_values.SanderoExteriorColourValueTests) ... ok
test_exterior_category_and_attribute_are_defined (test_sandero_exterior_colour_values.SanderoExteriorColourValueTests) ... ok
test_manifest_matches_all_configurations_and_sources (test_sandero_exterior_colour_values.SanderoExteriorColourValueTests) ... ok
test_package_codes_are_unique (test_sandero_exterior_colour_values.SanderoExteriorColourValueTests) ... ok
test_package_ids_shape_and_count (test_sandero_exterior_colour_values.SanderoExteriorColourValueTests) ... ok
test_source_configuration_mapping_matches_manifest (test_sandero_exterior_colour_values.SanderoExteriorColourValueTests) ... ok
test_values_and_notes_preserve_source_wording (test_sandero_exterior_colour_values.SanderoExteriorColourValueTests) ... ok
test_zero_price_is_provenance_not_configuration_value (test_sandero_exterior_colour_values.SanderoExteriorColourValueTests) ... ok
test_codes_are_unique_and_dated (test_sandero_front_wheel_drive_values.SanderoFrontWheelDriveValueTests) ... ok
test_controlled_drive_type_is_not_duplicated_as_strings (test_sandero_front_wheel_drive_values.SanderoFrontWheelDriveValueTests) ... ok
test_each_configuration_has_exactly_one_value (test_sandero_front_wheel_drive_values.SanderoFrontWheelDriveValueTests) ... ok
test_existing_attribute_and_dictionary_value_are_active (test_sandero_front_wheel_drive_values.SanderoFrontWheelDriveValueTests) ... ok
test_manifest_sources_date_and_fuel_context (test_sandero_front_wheel_drive_values.SanderoFrontWheelDriveValueTests) ... ok
test_package_ids_shape_and_count (test_sandero_front_wheel_drive_values.SanderoFrontWheelDriveValueTests) ... ok
test_value_is_not_availability_or_price (test_sandero_front_wheel_drive_values.SanderoFrontWheelDriveValueTests) ... ok
test_values_and_notes_preserve_exact_source_meaning (test_sandero_front_wheel_drive_values.SanderoFrontWheelDriveValueTests) ... ok
test_existing_mass_values_are_not_rewritten (test_sandero_maximum_payload_model.SanderoMaximumPayloadModelTests) ... ok
test_existing_weight_category_and_mass_unit_are_reused (test_sandero_maximum_payload_model.SanderoMaximumPayloadModelTests) ... ok
test_import_uses_existing_maximum_payload_attribute (test_sandero_maximum_payload_model.SanderoMaximumPayloadModelTests) ... ok
test_maximum_payload_is_active_integer_weight (test_sandero_maximum_payload_model.SanderoMaximumPayloadModelTests) ... ok
test_model_package_does_not_change_availability_or_prices (test_sandero_maximum_payload_model.SanderoMaximumPayloadModelTests) ... ok
test_payload_remains_distinct_from_other_mass_concepts (test_sandero_maximum_payload_model.SanderoMaximumPayloadModelTests) ... ok
test_source_registry_and_mapping_are_unchanged (test_sandero_maximum_payload_model.SanderoMaximumPayloadModelTests) ... ok
test_codes_are_unique_and_dated (test_sandero_number_of_doors_values.SanderoNumberOfDoorsValueTests) ... ok
test_each_configuration_has_exactly_one_value (test_sandero_number_of_doors_values.SanderoNumberOfDoorsValueTests) ... ok
test_existing_attribute_is_active_unitless_integer (test_sandero_number_of_doors_values.SanderoNumberOfDoorsValueTests) ... ok
test_manifest_sources_date_and_fuel_context (test_sandero_number_of_doors_values.SanderoNumberOfDoorsValueTests) ... ok
test_package_ids_shape_and_count (test_sandero_number_of_doors_values.SanderoNumberOfDoorsValueTests) ... ok
test_total_count_does_not_populate_side_door_count (test_sandero_number_of_doors_values.SanderoNumberOfDoorsValueTests) ... ok
test_value_is_not_availability_or_price (test_sandero_number_of_doors_values.SanderoNumberOfDoorsValueTests) ... ok
test_values_and_notes_preserve_source_wording (test_sandero_number_of_doors_values.SanderoNumberOfDoorsValueTests) ... ok
test_every_candidate_occurs_once_per_configuration (test_sandero_passive_safety_availability.SanderoPassiveSafetyAvailabilityTests) ... ok
test_explicit_negative_is_limited_to_height_adjustment (test_sandero_passive_safety_availability.SanderoPassiveSafetyAvailabilityTests) ... ok
test_imported_attribute_definitions_are_boolean_active (test_sandero_passive_safety_availability.SanderoPassiveSafetyAvailabilityTests) ... ok
test_notes_preserve_page_and_exact_source_wording (test_sandero_passive_safety_availability.SanderoPassiveSafetyAvailabilityTests) ... ok
test_package_covers_all_configurations_and_sources (test_sandero_passive_safety_availability.SanderoPassiveSafetyAvailabilityTests) ... ok
test_package_has_expected_ids_shape_and_count (test_sandero_passive_safety_availability.SanderoPassiveSafetyAvailabilityTests) ... ok
test_package_status_counts_match_sources (test_sandero_passive_safety_availability.SanderoPassiveSafetyAvailabilityTests) ... ok
test_trim_and_upholstery_remain_outside_this_package (test_sandero_passive_safety_availability.SanderoPassiveSafetyAvailabilityTests) ... ok
test_attribute_is_defined_as_active_string (test_sandero_standard_tyre_specification.SanderoStandardTyreSpecificationTests) ... ok
test_axle_neutral_source_does_not_populate_axle_attributes (test_sandero_standard_tyre_specification.SanderoStandardTyreSpecificationTests) ... ok
test_complete_specification_is_separate_from_wheel_size (test_sandero_standard_tyre_specification.SanderoStandardTyreSpecificationTests) ... ok
test_manifest_matches_configurations_sources_and_date (test_sandero_standard_tyre_specification.SanderoStandardTyreSpecificationTests) ... ok
test_package_codes_are_unique (test_sandero_standard_tyre_specification.SanderoStandardTyreSpecificationTests) ... ok
test_package_ids_shape_and_count (test_sandero_standard_tyre_specification.SanderoStandardTyreSpecificationTests) ... ok
test_source_rating_is_not_modeled_as_maximum (test_sandero_standard_tyre_specification.SanderoStandardTyreSpecificationTests) ... ok
test_value_is_not_equipment_availability_or_price (test_sandero_standard_tyre_specification.SanderoStandardTyreSpecificationTests) ... ok
test_values_and_notes_preserve_source_wording (test_sandero_standard_tyre_specification.SanderoStandardTyreSpecificationTests) ... ok
test_availability_prices_and_source_mapping_are_unchanged (test_sandero_total_valve_count_model.SanderoTotalValveCountModelTests) ... ok
test_existing_engine_category_is_reused_without_a_new_unit (test_sandero_total_valve_count_model.SanderoTotalValveCountModelTests) ... ok
test_existing_engine_observations_are_not_rewritten (test_sandero_total_valve_count_model.SanderoTotalValveCountModelTests) ... ok
test_import_uses_existing_total_valve_count_attribute (test_sandero_total_valve_count_model.SanderoTotalValveCountModelTests) ... ok
test_total_count_remains_distinct_from_related_engine_counts (test_sandero_total_valve_count_model.SanderoTotalValveCountModelTests) ... ok
test_total_valve_count_is_an_active_integer_engine_attribute (test_sandero_total_valve_count_model.SanderoTotalValveCountModelTests) ... ok
test_configuration_source_and_date_coverage (test_sandero_wheel_upholstery_values.SanderoWheelUpholsteryValueTests) ... ok
test_internal_ordering_criteria_are_excluded (test_sandero_wheel_upholstery_values.SanderoWheelUpholsteryValueTests) ... ok
test_new_attributes_are_active_strings (test_sandero_wheel_upholstery_values.SanderoWheelUpholsteryValueTests) ... ok
test_notes_preserve_section_and_wording (test_sandero_wheel_upholstery_values.SanderoWheelUpholsteryValueTests) ... ok
test_package_codes_are_unique (test_sandero_wheel_upholstery_values.SanderoWheelUpholsteryValueTests) ... ok
test_package_ids_shape_and_count (test_sandero_wheel_upholstery_values.SanderoWheelUpholsteryValueTests) ... ok
test_stepway_essential_conflict_boundary (test_sandero_wheel_upholstery_values.SanderoWheelUpholsteryValueTests) ... ok
test_values_are_not_availability_booleans (test_sandero_wheel_upholstery_values.SanderoWheelUpholsteryValueTests) ... ok
test_values_match_controlled_manifest (test_sandero_wheel_upholstery_values.SanderoWheelUpholsteryValueTests) ... ok
test_accepts_utf8_bom (test_search.SearchTests) ... ok
test_does_not_search_its_own_export (test_search.SearchTests) ... ok
test_exports_consistent_union_of_columns (test_search.SearchTests) ... ok
test_highlight_is_case_insensitive (test_search.SearchTests) ... ok
test_limits_search_to_selected_field (test_search.SearchTests) ... ok
test_searches_all_fields (test_search.SearchTests) ... ok
test_distinguishes_missing_source_from_missing_record (test_source_coverage.SourceCoverageTests) ... ok
test_future_source_is_separate_registration_state (test_source_coverage.SourceCoverageTests) ... ok
test_json_and_markdown_are_deterministic (test_source_coverage.SourceCoverageTests) ... ok
test_rejects_invalid_source_hash (test_source_coverage.SourceCoverageTests) ... ok
test_rejects_observation_source_mismatch (test_source_coverage.SourceCoverageTests) ... ok
test_reports_registered_sources_and_record_gaps (test_source_coverage.SourceCoverageTests) ... ok
test_sections_distinguish_partial_and_missing (test_source_coverage.SourceCoverageTests) ... ok
test_accepts_utf8_bom (test_statistics.StatisticsTests) ... ok
test_calculates_completeness (test_statistics.StatisticsTests) ... ok
test_collects_repository_totals (test_statistics.StatisticsTests) ... ok
test_counts_header_only_file_as_empty (test_statistics.StatisticsTests) ... ok
test_ignores_csv_files_outside_master_data (test_statistics.StatisticsTests) ... ok
test_ignores_git_directory (test_statistics.StatisticsTests) ... ok
test_sorts_largest_dataset_first (test_statistics.StatisticsTests) ... ok
test_accepts_active_catalog_status (test_statuses.StatusValidationTests) ... ok
test_accepts_archived_closed_range (test_statuses.StatusValidationTests) ... ok
test_accepts_current_open_range (test_statuses.StatusValidationTests) ... ok
test_rejects_archived_open_range (test_statuses.StatusValidationTests) ... ok
test_rejects_current_closed_range (test_statuses.StatusValidationTests) ... ok
test_rejects_empty_status (test_statuses.StatusValidationTests) ... ok
test_rejects_incorrect_status_case (test_statuses.StatusValidationTests) ... ok
test_rejects_unknown_status (test_statuses.StatusValidationTests) ... ok
test_reports_missing_end_column (test_statuses.StatusValidationTests) ... ok
test_reports_missing_file (test_statuses.StatusValidationTests) ... ok
test_reports_missing_status_column (test_statuses.StatusValidationTests) ... ok
test_scans_all_configured_files (test_statuses.StatusValidationTests) ... ok
test_accepts_unique_id_and_code (test_uniqueness.UniqueColumnValidationTests) ... ok
test_checks_file_with_only_code (test_uniqueness.UniqueColumnValidationTests) ... ok
test_ignores_file_without_key_columns (test_uniqueness.UniqueColumnValidationTests) ... ok
test_reports_case_insensitive_duplicate_code (test_uniqueness.UniqueColumnValidationTests) ... ok
test_reports_duplicate_id (test_uniqueness.UniqueColumnValidationTests) ... ok
test_reports_empty_code (test_uniqueness.UniqueColumnValidationTests) ... ok
test_reports_empty_id (test_uniqueness.UniqueColumnValidationTests) ... ok
test_scans_all_master_csv_files (test_uniqueness.UniqueColumnValidationTests) ... ok
test_validate_command_executes_complete_validator (test_validate_cli.ValidateCliIntegrationTests) ... ok
test_accepts_matching_database (test_verify_sqlite.SqliteVerificationTests) ... ok
test_cli_reports_missing_database (test_verify_sqlite.SqliteVerificationTests) ... ok
test_reports_data_mismatch_with_same_count (test_verify_sqlite.SqliteVerificationTests) ... ok
test_reports_invalid_database_file (test_verify_sqlite.SqliteVerificationTests) ... ok
test_reports_missing_database (test_verify_sqlite.SqliteVerificationTests) ... ok
test_reports_missing_table (test_verify_sqlite.SqliteVerificationTests) ... ok
test_reports_row_count_mismatch (test_verify_sqlite.SqliteVerificationTests) ... ok
test_reports_schema_mismatch (test_verify_sqlite.SqliteVerificationTests) ... ok
test_reports_unexpected_table (test_verify_sqlite.SqliteVerificationTests) ... ok
test_accepts_closed_range (test_year_ranges.YearRangeValidationTests) ... ok
test_accepts_open_range (test_year_ranges.YearRangeValidationTests) ... ok
test_rejects_empty_required_start_year (test_year_ranges.YearRangeValidationTests) ... ok
test_rejects_invalid_end_year_format (test_year_ranges.YearRangeValidationTests) ... ok
test_rejects_invalid_start_year_format (test_year_ranges.YearRangeValidationTests) ... ok
test_rejects_reversed_range (test_year_ranges.YearRangeValidationTests) ... ok
test_reports_missing_columns (test_year_ranges.YearRangeValidationTests) ... ok
test_reports_missing_file (test_year_ranges.YearRangeValidationTests) ... ok
test_scans_all_configured_files (test_year_ranges.YearRangeValidationTests) ... ok

======================================================================
FAIL: test_exact_specification_set_is_versioned (test_jogger_technical_specifications.JoggerTechnicalSpecificationTests)
----------------------------------------------------------------------
Traceback (most recent call last):
  File "/home/runner/work/Dacia-Knowledge-Base/Dacia-Knowledge-Base/tests/test_jogger_technical_specifications.py", line 54, in test_exact_specification_set_is_versioned
    self.assertEqual(
AssertionError: Lists differ: ['jog[386 chars]ge6-gear-count-20260401.json', 'jogger-page6-g[464 chars]son'] != ['jog[386 chars]ge6-gross-vehicle-weight-20260401.json', 'jogg[380 chars]son']

First differing element 8:
'jogger-page6-gear-count-20260401.json'
'jogger-page6-gross-vehicle-weight-20260401.json'

First list contains 2 additional elements.
First extra element 17:
'jogger-page6-traction-motor-power-20260401.json'

Diff is 963 characters long. Set self.maxDiff to None to see it.

----------------------------------------------------------------------
Ran 470 tests in 9.092s

FAILED (failures=1)
