
===== COMPLETE =====
Handoff: /tmp/dkb-publish-g43q63ei/output/handoff.json
PASS

===== PACKAGE PUBLISH =====
Branch : tooling/test
Base   : 80e59988bc5cd1baa2f3bb8ac09ff8397bebcfee
Subject: tooling: publish test
Files  : 1
Mode   : precommit
Quality receipt: PASS (298 tests)

===== STAGING =====
Staged paths: 1

===== COMMIT =====
Commit: 7da6721da106059dddb95967c5085d47a4f0fef7

===== PACKAGE FINISH =====

===== PACKAGE FINISH =====
Branch : tooling/test
Base   : 80e59988bc5cd1baa2f3bb8ac09ff8397bebcfee
HEAD   : 7da6721da106059dddb95967c5085d47a4f0fef7
Commits: 1
Files  : 1
Subject: tooling: publish test
Manifest: PASS

===== COMMITS =====
7da6721 (HEAD -> tooling/test) tooling: publish test

===== CHANGED PATHS =====
tools/example.py

===== DIFF STAT =====
tools/example.py | 1 +
 1 file changed, 1 insertion(+)

===== PUSH =====
Upstream: not configured
Command : git push -u origin tooling/test

===== PACKAGE FINISH CHECK =====
PASS

===== COMPLETE =====
Handoff: /tmp/dkb-publish-0kppinvt/output/handoff.json
PASS

===== PACKAGE PUBLISH =====
Branch : tooling/test
Base   : 80e59988bc5cd1baa2f3bb8ac09ff8397bebcfee
Subject: tooling: publish test
Files  : 1
Mode   : committed
Quality receipt: PASS (298 tests)
Existing package commit reused: 7da6721da106059dddb95967c5085d47a4f0fef7

===== PACKAGE FINISH =====

===== PACKAGE FINISH =====
Branch : tooling/test
Base   : 80e59988bc5cd1baa2f3bb8ac09ff8397bebcfee
HEAD   : 7da6721da106059dddb95967c5085d47a4f0fef7
Commits: 1
Files  : 1
Subject: tooling: publish test
Manifest: PASS

===== COMMITS =====
7da6721 (HEAD -> tooling/test) tooling: publish test

===== CHANGED PATHS =====
tools/example.py

===== DIFF STAT =====
tools/example.py | 1 +
 1 file changed, 1 insertion(+)

===== PUSH =====
Upstream: not configured
Command : git push -u origin tooling/test

===== PACKAGE FINISH CHECK =====
PASS

===== COMPLETE =====
Handoff: /tmp/dkb-publish-0kppinvt/output/handoff.json
PASS

==> Broken
ERROR: SQLite database does not exist: /tmp/tmpq40q4m3u/missing.sqlite
======================================================================
FAIL: test_state_exposes_updated_range_denominators (test_jogger_payload_performance_ranges.JoggerPayloadPerformanceRangeTests.test_state_exposes_updated_range_denominators)
----------------------------------------------------------------------
Traceback (most recent call last):
  File "/home/runner/work/Dacia-Knowledge-Base/Dacia-Knowledge-Base/tests/test_jogger_payload_performance_ranges.py", line 139, in test_state_exposes_updated_range_denominators
    self.assertEqual(baseline["tests"], 544)
    ~~~~~~~~~~~~~~~~^^^^^^^^^^^^^^^^^^^^^^^^
AssertionError: 551 != 544

======================================================================
FAIL: test_state_exposes_scalar_and_range_denominators (test_jogger_wltp_efficiency_ranges.JoggerWltpEfficiencyRangeTests.test_state_exposes_scalar_and_range_denominators)
----------------------------------------------------------------------
Traceback (most recent call last):
  File "/home/runner/work/Dacia-Knowledge-Base/Dacia-Knowledge-Base/tests/test_jogger_wltp_efficiency_ranges.py", line 193, in test_state_exposes_scalar_and_range_denominators
    self.assertEqual(baseline["tests"], 544)
    ~~~~~~~~~~~~~~~~^^^^^^^^^^^^^^^^^^^^^^^^
AssertionError: 551 != 544

----------------------------------------------------------------------
Ran 551 tests in 10.669s

FAILED (failures=2)
Building SQLite database: /tmp/tmp8qm8w08d/test.sqlite
Source directory: /tmp/tmp8qm8w08d/data/master
  data/master/attributes.csv -> attributes: 1 rows
  data/master/models.csv -> models: 2 rows
Database ready: /tmp/tmp8qm8w08d/test.sqlite
Building SQLite database: /tmp/tmpqbzt9ji9/test.sqlite
Source directory: /tmp/tmpqbzt9ji9/data/master
  data/master/attributes.csv -> attributes: 1 rows
  data/master/models.csv -> models: 2 rows
Database ready: /tmp/tmpqbzt9ji9/test.sqlite
Building SQLite database: /tmp/tmpd7az2z3e/test.sqlite
Source directory: /tmp/tmpd7az2z3e/data/master
  data/master/attributes.csv -> attributes: 1 rows
  data/master/models.csv -> models: 2 rows
Database ready: /tmp/tmpd7az2z3e/test.sqlite
Building SQLite database: /tmp/tmp_8wf_dd6/test.sqlite
Source directory: /tmp/tmp_8wf_dd6/data/master
  data/master/attributes.csv -> attributes: 1 rows
  data/master/models.csv -> models: 2 rows
Database ready: /tmp/tmp_8wf_dd6/test.sqlite
Building SQLite database: /tmp/tmp87lxf9ry/test.sqlite
Source directory: /tmp/tmp87lxf9ry/data/master
  data/master/attributes.csv -> attributes: 1 rows
  data/master/models.csv -> models: 2 rows
Database ready: /tmp/tmp87lxf9ry/test.sqlite
Building SQLite database: /tmp/tmppbkzsq5n/test.sqlite
Source directory: /tmp/tmppbkzsq5n/data/master
  data/master/attributes.csv -> attributes: 1 rows
  data/master/models.csv -> models: 2 rows
Database ready: /tmp/tmppbkzsq5n/test.sqlite
Traceback (most recent call last):
  File "/home/runner/work/Dacia-Knowledge-Base/Dacia-Knowledge-Base/tools/_tmp_finalize_jogger_ecog120_reporting.py", line 93, in <module>
    main()
    ~~~~^^
  File "/home/runner/work/Dacia-Knowledge-Base/Dacia-Knowledge-Base/tools/_tmp_finalize_jogger_ecog120_reporting.py", line 88, in main
    run("python", "-m", "unittest", "discover", "-s", "tests", "-p", "test_*.py", "-q")
    ~~~^^^^^^^^^^^^^^^^^^^^^^^^^^^^^^^^^^^^^^^^^^^^^^^^^^^^^^^^^^^^^^^^^^^^^^^^^^^^^^^^
  File "/home/runner/work/Dacia-Knowledge-Base/Dacia-Knowledge-Base/tools/_tmp_finalize_jogger_ecog120_reporting.py", line 14, in run
    subprocess.run(args, cwd=ROOT, check=True)
    ~~~~~~~~~~~~~~^^^^^^^^^^^^^^^^^^^^^^^^^^^^
  File "/opt/hostedtoolcache/Python/3.13.14/x64/lib/python3.13/subprocess.py", line 577, in run
    raise CalledProcessError(retcode, process.args,
                             output=stdout, stderr=stderr)
subprocess.CalledProcessError: Command '('python', '-m', 'unittest', 'discover', '-s', 'tests', '-p', 'test_*.py', '-q')' returned non-zero exit status 1.
exit_status=1
